owncloud-android-library/sample_client/build/outputs/logs/manifest-merger-debug-report.txt
-- Merging decision tree log ---
manifest
ADDED from AndroidManifest.xml:26:1
	package
		ADDED from AndroidManifest.xml:27:7
	android:versionName
		ADDED from AndroidManifest.xml:29:7
	android:versionCode
		ADDED from AndroidManifest.xml:28:7
		INJECTED from AndroidManifest.xml:0:0
		INJECTED from AndroidManifest.xml:0:0
	xmlns:android
		ADDED from AndroidManifest.xml:26:11
uses-permission#android.permission.INTERNET
ADDED from AndroidManifest.xml:30:5
	android:name
		ADDED from AndroidManifest.xml:30:22
uses-sdk
ADDED from AndroidManifest.xml:31:5
MERGED from :owncloud-android-library:unspecified:30:5
	android:targetSdkVersion
		ADDED from AndroidManifest.xml:33:9
	android:minSdkVersion
		ADDED from AndroidManifest.xml:32:9
application
ADDED from AndroidManifest.xml:34:5
	android:label
		ADDED from AndroidManifest.xml:34:18
	android:icon
		ADDED from AndroidManifest.xml:34:51
activity#com.owncloud.android.lib.sampleclient.MainActivity
ADDED from AndroidManifest.xml:35:9
	android:screenOrientation
		ADDED from AndroidManifest.xml:37:6
	android:label
		ADDED from AndroidManifest.xml:36:20
	android:configChanges
		ADDED from AndroidManifest.xml:38:9
	android:name
		ADDED from AndroidManifest.xml:35:20
intent-filter#android.intent.action.MAIN+android.intent.category.LAUNCHER
ADDED from AndroidManifest.xml:40:13
action#android.intent.action.MAIN
ADDED from AndroidManifest.xml:41:17
	android:name
		ADDED from AndroidManifest.xml:41:25
category#android.intent.category.LAUNCHER
ADDED from AndroidManifest.xml:42:17
	android:name
		ADDED from AndroidManifest.xml:42:27